android_test/build/intermediates/manifest_merge_blame_file/debug/manifest-merger-blame-debug-report.txt
1<?xml version="1.0" encoding="utf-8"?>
2<manifest xmlns:android="http://schemas.android.com/apk/res/android"
3    package="android.test"
4    android:versionCode="1"
5    android:versionName="1.0" >
6
7    <uses-sdk
8        android:minSdkVersion="25"
8-->src\main\AndroidManifest.xml
9        android:targetSdkVersion="32" />
9-->src\main\AndroidManifest.xml
10
11    <uses-permission android:name="android.permission.REORDER_TASKS" />
11-->[androidx.fragment:fragment-testing:1.5.0] AndroidManifest.xml:25:5-72
11-->[androidx.fragment:fragment-testing:1.5.0] AndroidManifest.xml:25:22-69
12
13    <queries>
13-->[androidx.test:runner:1.4.0] AndroidManifest.xml:24:5-28:15
14        <package android:name="androidx.test.orchestrator" />
14-->[androidx.test:runner:1.4.0] AndroidManifest.xml:25:9-62
14-->[androidx.test:runner:1.4.0] AndroidManifest.xml:25:18-59
15        <package android:name="androidx.test.services" />
15-->[androidx.test:runner:1.4.0] AndroidManifest.xml:26:9-58
15-->[androidx.test:runner:1.4.0] AndroidManifest.xml:26:18-55
16        <package android:name="com.google.android.apps.common.testing.services" />
16-->[androidx.test:runner:1.4.0] AndroidManifest.xml:27:9-83
16-->[androidx.test:runner:1.4.0] AndroidManifest.xml:27:18-80
17    </queries>
18
19    <application
19-->src\main\AndroidManifest.xml:5:5-31:19
20        android:allowBackup="true"
20-->src\main\AndroidManifest.xml:6:9-35
21        android:appComponentFactory="androidx.core.app.CoreComponentFactory"
21-->[androidx.core:core:1.8.0] AndroidManifest.xml:24:18-86
22        android:debuggable="true"
23        android:extractNativeLibs="false"
24        android:icon="@mipmap/ic_launcher"
24-->src\main\AndroidManifest.xml:7:9-43
25        android:label="@string/app_name"
25-->src\main\AndroidManifest.xml:8:9-41
26        android:roundIcon="@mipmap/ic_launcher_round"
26-->src\main\AndroidManifest.xml:9:9-54
27        android:supportsRtl="true"
27-->src\main\AndroidManifest.xml:10:9-35
28        android:theme="@style/Theme.Test" >
28-->src\main\AndroidManifest.xml:11:9-42
29        <activity
29-->src\main\AndroidManifest.xml:12:9-20:20
30            android:name="android.test.TestMainActivity"
30-->src\main\AndroidManifest.xml:13:13-57
31            android:exported="true" >
31-->src\main\AndroidManifest.xml:14:13-36
32            <intent-filter>
32-->src\main\AndroidManifest.xml:15:13-19:29
33                <action android:name="android.intent.action.MAIN" />
33-->src\main\AndroidManifest.xml:16:17-69
33-->src\main\AndroidManifest.xml:16:25-66
34
35                <category android:name="android.intent.category.LAUNCHER" />
35-->src\main\AndroidManifest.xml:18:17-77
35-->src\main\AndroidManifest.xml:18:27-74
36            </intent-filter>
37        </activity>
38
39        <provider
39-->src\main\AndroidManifest.xml:22:9-30:20
40            android:name="androidx.core.content.FileProvider"
40-->src\main\AndroidManifest.xml:23:13-62
41            android:authorities="com.android.test.provider"
41-->src\main\AndroidManifest.xml:24:13-60
42            android:exported="false"
42-->src\main\AndroidManifest.xml:25:13-37
43            android:grantUriPermissions="true" >
43-->src\main\AndroidManifest.xml:26:13-47
44            <meta-data
44-->src\main\AndroidManifest.xml:27:13-29:58
45                android:name="android.support.FILE_PROVIDER_PATHS"
45-->src\main\AndroidManifest.xml:28:17-67
46                android:resource="@xml/provider_paths" />
46-->src\main\AndroidManifest.xml:29:17-55
47        </provider>
48
49        <activity
49-->[androidx.fragment:fragment-testing:1.5.0] AndroidManifest.xml:28:9-37:20
50            android:name="androidx.fragment.app.testing.FragmentScenario$EmptyFragmentActivity"
50-->[androidx.fragment:fragment-testing:1.5.0] AndroidManifest.xml:29:13-96
51            android:exported="true"
51-->[androidx.fragment:fragment-testing:1.5.0] AndroidManifest.xml:30:13-36
52            android:multiprocess="true"
52-->[androidx.fragment:fragment-testing:1.5.0] AndroidManifest.xml:31:13-40
53            android:taskAffinity=""
53-->[androidx.fragment:fragment-testing:1.5.0] AndroidManifest.xml:32:13-36
54            android:theme="@style/FragmentScenarioEmptyFragmentActivityTheme" >
54-->[androidx.fragment:fragment-testing:1.5.0] AndroidManifest.xml:33:13-78
55            <intent-filter>
55-->[androidx.fragment:fragment-testing:1.5.0] AndroidManifest.xml:34:13-36:29
56                <action android:name="android.intent.action.MAIN" />
56-->src\main\AndroidManifest.xml:16:17-69
56-->src\main\AndroidManifest.xml:16:25-66
57            </intent-filter>
58        </activity>
59        <activity
59-->[androidx.test:core:1.4.0] AndroidManifest.xml:27:9-34:20
60            android:name="androidx.test.core.app.InstrumentationActivityInvoker$BootstrapActivity"
60-->[androidx.test:core:1.4.0] AndroidManifest.xml:28:13-99
61            android:exported="true"
61-->[androidx.test:core:1.4.0] AndroidManifest.xml:29:13-36
62            android:theme="@android:style/Theme" >
62-->[androidx.test:core:1.4.0] AndroidManifest.xml:30:13-49
63            <intent-filter>
63-->[androidx.fragment:fragment-testing:1.5.0] AndroidManifest.xml:34:13-36:29
64                <action android:name="android.intent.action.MAIN" />
64-->src\main\AndroidManifest.xml:16:17-69
64-->src\main\AndroidManifest.xml:16:25-66
65            </intent-filter>
66        </activity>
67        <activity
67-->[androidx.test:core:1.4.0] AndroidManifest.xml:35:9-42:20
68            android:name="androidx.test.core.app.InstrumentationActivityInvoker$EmptyActivity"
68-->[androidx.test:core:1.4.0] AndroidManifest.xml:36:13-95
69            android:exported="true"
69-->[androidx.test:core:1.4.0] AndroidManifest.xml:37:13-36
70            android:theme="@android:style/Theme" >
70-->[androidx.test:core:1.4.0] AndroidManifest.xml:38:13-49
71            <intent-filter>
71-->[androidx.fragment:fragment-testing:1.5.0] AndroidManifest.xml:34:13-36:29
72                <action android:name="android.intent.action.MAIN" />
72-->src\main\AndroidManifest.xml:16:17-69
72-->src\main\AndroidManifest.xml:16:25-66
73            </intent-filter>
74        </activity>
75        <activity
75-->[androidx.test:core:1.4.0] AndroidManifest.xml:43:9-50:20
76            android:name="androidx.test.core.app.InstrumentationActivityInvoker$EmptyFloatingActivity"
76-->[androidx.test:core:1.4.0] AndroidManifest.xml:44:13-103
77            android:exported="true"
77-->[androidx.test:core:1.4.0] AndroidManifest.xml:45:13-36
78            android:theme="@android:style/Theme.Dialog" >
78-->[androidx.test:core:1.4.0] AndroidManifest.xml:46:13-56
79            <intent-filter>
79-->[androidx.fragment:fragment-testing:1.5.0] AndroidManifest.xml:34:13-36:29
80                <action android:name="android.intent.action.MAIN" />
80-->src\main\AndroidManifest.xml:16:17-69
80-->src\main\AndroidManifest.xml:16:25-66
81            </intent-filter>
82        </activity>
83
84        <provider
84-->[androidx.emoji2:emoji2:1.0.0] AndroidManifest.xml:26:9-34:20
85            android:name="androidx.startup.InitializationProvider"
85-->[androidx.emoji2:emoji2:1.0.0] AndroidManifest.xml:27:13-67
86            android:authorities="android.test.androidx-startup"
86-->[androidx.emoji2:emoji2:1.0.0] AndroidManifest.xml:28:13-68
87            android:exported="false" >
87-->[androidx.emoji2:emoji2:1.0.0] AndroidManifest.xml:29:13-37
88            <meta-data
88-->[androidx.emoji2:emoji2:1.0.0] AndroidManifest.xml:31:13-33:52
89                android:name="androidx.emoji2.text.EmojiCompatInitializer"
89-->[androidx.emoji2:emoji2:1.0.0] AndroidManifest.xml:32:17-75
90                android:value="androidx.startup" />
90-->[androidx.emoji2:emoji2:1.0.0] AndroidManifest.xml:33:17-49
91            <meta-data
91-->[androidx.lifecycle:lifecycle-process:2.4.0] AndroidManifest.xml:31:13-33:52
92                android:name="androidx.lifecycle.ProcessLifecycleInitializer"
92-->[androidx.lifecycle:lifecycle-process:2.4.0] AndroidManifest.xml:32:17-78
93                android:value="androidx.startup" />
93-->[androidx.lifecycle:lifecycle-process:2.4.0] AndroidManifest.xml:33:17-49
94        </provider>
95    </application>
96
97</manifest>